[debug] [2022-11-13T13:28:58.303Z] ----------------------------------------------------------------------
[debug] [2022-11-13T13:28:58.306Z] Command:       C:\Program Files\nodejs\node.exe C:\Users\Happy Family\AppData\Roaming\npm\node_modules\firebase-tools\lib\bin\firebase.js init
[debug] [2022-11-13T13:28:58.306Z] CLI Version:   11.16.0
[debug] [2022-11-13T13:28:58.307Z] Platform:      win32
[debug] [2022-11-13T13:28:58.307Z] Node Version:  v18.12.1
[debug] [2022-11-13T13:28:58.308Z] Time:          Sun Nov 13 2022 18:28:58 GMT+0500 (Pakistan Standard Time)
[debug] [2022-11-13T13:28:58.308Z] ----------------------------------------------------------------------
[debug] 
[debug] [2022-11-13T13:28:58.412Z] > command requires scopes: ["email","openid","https://www.googleapis.com/auth/cloudplatformprojects.readonly","https://www.googleapis.com/auth/firebase","https://www.googleapis.com/auth/cloud-platform"]
[debug] [2022-11-13T13:28:58.413Z] > authorizing via signed-in user (mf8498521@gmail.com)
[info] 
     ######## #### ########  ######## ########     ###     ######  ########
     ##        ##  ##     ## ##       ##     ##  ##   ##  ##       ##
     ######    ##  ########  ######   ########  #########  ######  ######
     ##        ##  ##    ##  ##       ##     ## ##     ##       ## ##
     ##       #### ##     ## ######## ########  ##     ##  ######  ########

You're about to initialize a Firebase project in this directory:

  C:\Users\Happy Family\Documents\GitHub\sylani-hackothon

Before we get started, keep in mind:

  * You are initializing within an existing Firebase project directory

[info] 
=== Project Setup
[info] 
[info] First, let's associate this project directory with a Firebase project.
[info] You can create multiple project aliases by running firebase use --add, 
[info] but for now we'll just set up a default project.
[info] 
[debug] [2022-11-13T13:29:08.608Z] Using project from CLI flag: app-1-a67e1
[debug] [2022-11-13T13:29:08.610Z] > refreshing access token with scopes: []
[debug] [2022-11-13T13:29:08.613Z] >>> [apiv2][query] POST https://www.googleapis.com/oauth2/v3/token [none]
[debug] [2022-11-13T13:29:08.613Z] >>> [apiv2][body] POST https://www.googleapis.com/oauth2/v3/token [omitted]
[debug] [2022-11-13T13:29:08.707Z] Authentication Error: Your credentials are no longer valid. Please run firebase login --reauth

For CI servers and headless environments, generate a new token with firebase login:ci
[debug] [2022-11-13T13:29:08.727Z] FirebaseError: Authentication Error: Your credentials are no longer valid. Please run firebase login --reauth

For CI servers and headless environments, generate a new token with firebase login:ci
    at invalidCredentialError (C:\Users\Happy Family\AppData\Roaming\npm\node_modules\firebase-tools\lib\auth.js:144:12)
    at refreshTokens (C:\Users\Happy Family\AppData\Roaming\npm\node_modules\firebase-tools\lib\auth.js:508:15)
    at process.processTicksAndRejections (node:internal/process/task_queues:95:5)
    at async Client.getAccessToken (C:\Users\Happy Family\AppData\Roaming\npm\node_modules\firebase-tools\lib\apiv2.js:149:23)
    at async Client.addAuthHeader (C:\Users\Happy Family\AppData\Roaming\npm\node_modules\firebase-tools\lib\apiv2.js:140:21)
    at async Client.request (C:\Users\Happy Family\AppData\Roaming\npm\node_modules\firebase-tools\lib\apiv2.js:96:34)
    at async getFirebaseProject (C:\Users\Happy Family\AppData\Roaming\npm\node_modules\firebase-tools\lib\management\projects.js:295:21)
    at async doSetup (C:\Users\Happy Family\AppData\Roaming\npm\node_modules\firebase-tools\lib\init\features\project.js:85:27)
    at async init (C:\Users\Happy Family\AppData\Roaming\npm\node_modules\firebase-tools\lib\init\index.js:36:9)
[error] 
[error] Error: Failed to get Firebase project app-1-a67e1. Please make sure the project exists and your account has permission to access it.
